
Gurobi 7.5.2 (linux64, Python) logging started Thu Oct 18 10:57:58 2018

Optimize a model with 410161 rows, 207744 columns and 959984 nonzeros
Variable types: 205184 continuous, 2560 integer (2560 binary)
Coefficient statistics:
  Matrix range     [4e-06, 2e+07]
  Objective range  [1e+00, 1e+00]
  Bounds range     [1e+00, 1e+00]
  RHS range        [1e+00, 5e+06]
Warning: Model contains large matrix coefficient range
         Consider reformulating model or setting NumericFocus parameter
         to avoid numerical issues.
Found heuristic solution: objective -0.0000000
Presolve removed 342641 rows and 139064 columns
Presolve time: 2.56s
Presolved: 67520 rows, 68680 columns, 262544 nonzeros
Variable types: 67400 continuous, 1280 integer (1280 binary)

Deterministic concurrent LP optimizer: primal and dual simplex
Showing first log only...

Presolve removed 64 rows and 0 columns
Presolved: 67456 rows, 68744 columns, 261264 nonzeros

Presolve removed 16 rows and 176 columns
Concurrent spin time: 0.00s

Solved with dual simplex

Root relaxation: objective 1.868166e+05, 2290 iterations, 0.53 seconds

    Nodes    |    Current Node    |     Objective Bounds      |     Work
 Expl Unexpl |  Obj  Depth IntInf | Incumbent    BestBd   Gap | It/Node Time

     0     0 186816.617    0   49   -0.00000 186816.617      -     -    3s
H    0     0                    150361.25023 186816.617  24.2%     -    4s
     0     0 186017.084    0   60 150361.250 186017.084  23.7%     -    5s
H    0     0                    150817.56377 186017.084  23.3%     -    5s
H    0     0                    151998.30858 186017.084  22.4%     -    5s
     0     0 185967.521    0   62 151998.309 185967.521  22.3%     -    5s
     0     0 185916.581    0   63 151998.309 185916.581  22.3%     -    5s
     0     0 185866.024    0   65 151998.309 185866.024  22.3%     -    5s
     0     0 185815.370    0   65 151998.309 185815.370  22.2%     -    5s
     0     0 185762.957    0   65 151998.309 185762.957  22.2%     -    5s
     0     0 185712.303    0   66 151998.309 185712.303  22.2%     -    6s
     0     0 185664.017    0   66 151998.309 185664.017  22.1%     -    6s
H    0     0                    156881.76568 185664.017  18.3%     -    6s
     0     0 185613.959    0   67 156881.766 185613.959  18.3%     -    6s
     0     0 185613.213    0   66 156881.766 185613.213  18.3%     -    6s
     0     0 185611.748    0   66 156881.766 185611.748  18.3%     -    6s
     0     0 185611.649    0   67 156881.766 185611.649  18.3%     -    6s
H    0     0                    158057.56405 185611.649  17.4%     -    6s
     0     0 185093.098    0   66 158057.564 185093.098  17.1%     -    6s
H    0     0                    160787.72552 185093.098  15.1%     -    7s
     0     0 185009.733    0   79 160787.726 185009.733  15.1%     -    7s
     0     0 185009.726    0   79 160787.726 185009.726  15.1%     -    7s
H    0     0                    161746.78720 185009.726  14.4%     -    8s
H    0     0                    165488.98436 185009.726  11.8%     -    8s
     0     0 184626.907    0   89 165488.984 184626.907  11.6%     -    8s
H    0     0                    165990.52775 184626.907  11.2%     -    9s
     0     0 184458.492    0   89 165990.528 184458.492  11.1%     -    9s
     0     0 184399.880    0   89 165990.528 184399.880  11.1%     -    9s
     0     0 184396.050    0   90 165990.528 184396.050  11.1%     -    9s
     0     0 184395.421    0   90 165990.528 184395.421  11.1%     -    9s
H    0     0                    170986.22288 184395.421  7.84%     -   10s
     0     0 184136.525    0   91 170986.223 184136.525  7.69%     -   10s
H    0     0                    173841.15478 184136.525  5.92%     -   10s
     0     0 184061.486    0   95 173841.155 184061.486  5.88%     -   10s
     0     0 184043.447    0  100 173841.155 184043.447  5.87%     -   10s
     0     0 184038.593    0   98 173841.155 184038.593  5.87%     -   11s
H    0     0                    176506.84198 184038.593  4.27%     -   11s
     0     0 184038.438    0   98 176506.842 184038.438  4.27%     -   11s
H    0     0                    177427.73840 184038.438  3.73%     -   11s
     0     0 183988.443    0   97 177427.738 183988.443  3.70%     -   11s
H    0     0                    177900.97276 183988.443  3.42%     -   12s
     0     0 183879.318    0   94 177900.973 183879.318  3.36%     -   12s
     0     0 183863.204    0   95 177900.973 183863.204  3.35%     -   12s
     0     0 183861.188    0   94 177900.973 183861.188  3.35%     -   12s
H    0     0                    180517.46796 183861.188  1.85%     -   12s
     0     0 183860.716    0   95 180517.468 183860.716  1.85%     -   12s
     0     0 183834.967    0  103 180517.468 183834.967  1.84%     -   13s
     0     0 183786.229    0  102 180517.468 183786.229  1.81%     -   13s
     0     0 183783.957    0  104 180517.468 183783.957  1.81%     -   14s
     0     0 183783.615    0  106 180517.468 183783.615  1.81%     -   14s
     0     0 183667.975    0  100 180517.468 183667.975  1.75%     -   14s
     0     0 183657.256    0  101 180517.468 183657.256  1.74%     -   15s
     0     0 183650.090    0  102 180517.468 183650.090  1.74%     -   15s
     0     0 183649.338    0  106 180517.468 183649.338  1.73%     -   15s
     0     0 183507.435    0  105 180517.468 183507.435  1.66%     -   16s
     0     0 183468.162    0  108 180517.468 183468.162  1.63%     -   17s
     0     0 183462.539    0  114 180517.468 183462.539  1.63%     -   17s
     0     0 183462.188    0  114 180517.468 183462.188  1.63%     -   17s
     0     0 183392.999    0  115 180517.468 183392.999  1.59%     -   17s
     0     0 183318.958    0  117 180517.468 183318.958  1.55%     -   18s
     0     0 183316.203    0  120 180517.468 183316.203  1.55%     -   19s
     0     0 183315.515    0  119 180517.468 183315.515  1.55%     -   19s
     0     0 183285.765    0  120 180517.468 183285.765  1.53%     -   19s
     0     0 183243.988    0  121 180517.468 183243.988  1.51%     -   20s
     0     0 183236.009    0  117 180517.468 183236.009  1.51%     -   20s
     0     0 183228.373    0  117 180517.468 183228.373  1.50%     -   20s
     0     0 183226.762    0  116 180517.468 183226.762  1.50%     -   20s
     0     0 183220.692    0  115 180517.468 183220.692  1.50%     -   20s
     0     0 183202.944    0  116 180517.468 183202.944  1.49%     -   22s
     0     0 183200.260    0  116 180517.468 183200.260  1.49%     -   22s
     0     0 183195.051    0  120 180517.468 183195.051  1.48%     -   22s
     0     2 183195.051    0  120 180517.468 183195.051  1.48%     -   26s
    31    48 182946.698    5  108 180517.468 182987.368  1.37%   485   30s
    63    69 182869.318    7  100 180517.468 182987.368  1.37%   404   36s
   241   238 182580.162   12   83 180517.468 182987.368  1.37%   253   40s
   815   779 181859.974   36   66 180517.468 182987.368  1.37%   143   45s
  1479  1367 181308.918   72   28 180517.468 182987.368  1.37%   119   50s
* 1697  1392              98    181108.43346 182971.472  1.03%   112   51s
  2059  1655 181248.439   70  120 181108.433 182961.144  1.02%   111   67s
  2061  1656 181437.580   63   49 181108.433 182961.144  1.02%   111   70s
  2072  1664 181318.792   67  103 181108.433 182961.144  1.02%   110   75s
  2081  1670 181437.580   63  112 181108.433 182961.144  1.02%   110   80s
  2087  1674 182600.222   13  118 181108.433 182961.144  1.02%   109   85s
  2095  1679 182487.842   15  126 181108.433 182961.144  1.02%   109   90s
  2099  1682 181248.439   70  127 181108.433 182961.144  1.02%   109   97s
  2101  1683 181437.580   63  127 181108.433 182961.144  1.02%   108  100s
  2102  1686 182961.144   10  125 181108.433 182961.144  1.02%   119  109s
  2104  1688 182961.144   11  123 181108.433 182961.144  1.02%   120  117s
  2113  1703 182810.093   13  121 181108.433 182961.144  1.02%   121  120s
  2189  1748 182529.177   16  122 181108.433 182892.067  0.98%   136  125s
  2483  1937 182287.504   24  107 181108.433 182892.067  0.98%   141  130s
  2717  2023     cutoff   30      181108.433 182841.312  0.96%   143  135s
  2927  2114 181964.042   36   82 181108.433 182841.312  0.96%   145  140s
  3251  2290 181579.854   47   68 181108.433 182841.312  0.96%   145  146s
  3559  2393 181317.899   57   65 181108.433 182841.312  0.96%   141  150s
  3879  2481 182740.239   16  116 181108.433 182819.005  0.94%   138  156s
  4219  2652 182462.569   27   97 181108.433 182819.005  0.94%   134  161s
* 4402  2634             105    181169.24599 182819.005  0.91%   132  163s
  4552  2694 181994.386   43   77 181169.246 182807.772  0.90%   130  165s
  4947  2844 182573.547   19  104 181169.246 182777.064  0.89%   129  170s
H 5207  2781                    181270.85424 182777.064  0.83%   128  172s
  5408  2842 182135.812   33   83 181270.854 182777.064  0.83%   128  177s
  5728  2979 182005.202   37   70 181270.854 182777.064  0.83%   128  181s
  5911  3057 181743.324   43   68 181270.854 182777.064  0.83%   127  185s
  6286  3205     cutoff   55      181270.854 182739.759  0.81%   126  190s
  6708  3386 182494.898   20  113 181270.854 182739.759  0.81%   125  197s
  6903  3543 182382.788   24  103 181270.854 182739.759  0.81%   126  200s
  7308  3864 182045.033   35   82 181270.854 182739.759  0.81%   126  205s
  7758  4198 181835.128   44   81 181270.854 182739.759  0.81%   126  213s
  7948  4364 181631.639   49   79 181270.854 182739.759  0.81%   126  217s
  8215  4560 181468.620   54   77 181270.854 182739.759  0.81%   126  221s
  8476  4768 181340.185   57   71 181270.854 182716.201  0.80%   126  225s
  8778  4989 182447.000   25   92 181270.854 182710.728  0.79%   126  230s
  9519  5567 182467.377   23  107 181270.854 182700.166  0.79%   125  239s
  9828  5814 182136.755   35   84 181270.854 182700.166  0.79%   124  243s
 10143  6074 181311.262   60   67 181270.854 182688.094  0.78%   125  247s
 10494  6293 182308.497   26   84 181270.854 182687.819  0.78%   125  251s
 10921  6679 182597.706   18  108 181270.854 182687.819  0.78%   125  256s
 11347  7014 181989.400   40   82 181270.854 182674.157  0.77%   124  262s
 11796  7366 182545.855   18  100 181270.854 182674.157  0.77%   123  266s
 11982  7490 182493.255   19   97 181270.854 182674.157  0.77%   123  272s
 12442  7862 181902.243   30   81 181270.854 182674.157  0.77%   123  278s
 12921  8211 182519.175   22  111 181270.854 182667.572  0.77%   123  285s
 13458  8584 181597.601   52   74 181270.854 182660.060  0.77%   123  293s
 13960  8932 182217.188   31   94 181270.854 182660.060  0.77%   123  300s
 14475  9383     cutoff   60      181270.854 182653.002  0.76%   122  306s
 15014  9778 181568.486   47   79 181270.854 182650.360  0.76%   122  344s
H15023  9753                    181286.39128 182650.360  0.75%   122  344s
 15032  9744 181555.967   48   78 181286.391 182649.859  0.75%   122  349s
 15412  9991 182378.493   23   92 181286.391 182649.797  0.75%   122  355s
 16085 10443 182506.652   22  106 181286.391 182642.994  0.75%   121  362s
 16690 10897 181987.535   39   75 181286.391 182642.994  0.75%   121  367s
 17158 11261 181805.579   45   72 181286.391 182642.994  0.75%   122  375s
 17835 11821     cutoff   72      181286.391 182642.994  0.75%   122  383s
 18533 12386 181905.260   47   80 181286.391 182634.829  0.74%   122  390s
 19357 12923 181996.056   38   84 181286.391 182624.226  0.74%   122  399s
 20119 13469 181560.180   49   65 181286.391 182620.510  0.74%   122  410s
 21023 14181 181341.375   55   65 181286.391 182618.451  0.73%   122  422s
 21744 14724 181619.044   51   72 181286.391 182614.508  0.73%   122  430s
 22497 15287 181737.787   49   84 181286.391 182612.760  0.73%   122  440s
 23636 16176     cutoff   62      181286.391 182610.606  0.73%   122  453s
 24727 17018 182361.878   28  108 181286.391 182607.460  0.73%   121  467s
 25761 17762 182198.993   29   85 181286.391 182604.012  0.73%   122  483s
 26826 18552 181489.691   54   72 181286.391 182600.182  0.72%   122  496s
 27886 19341 182222.669   33   98 181286.391 182594.155  0.72%   122  512s
 29238 20311 181300.400   55   73 181286.391 182593.780  0.72%   121  527s
 30131 21004 182118.769   35   92 181286.391 182588.454  0.72%   122  544s
 31364 21973 181564.976   56   77 181286.391 182586.764  0.72%   122  563s
 32618 22871 182334.630   28   95 181286.391 182581.247  0.71%   123  582s
 34041 23887 182470.805   28  105 181286.391 182578.095  0.71%   123  604s
 35485 24941 182412.352   22   99 181286.391 182573.755  0.71%   123  625s
 37066 26112 181418.974   59   69 181286.391 182573.358  0.71%   123  645s
 38793 27351 182382.920   22  100 181286.391 182566.410  0.71%   123  668s
 40617 28721 181347.602   54   61 181286.391 182562.592  0.70%   123  691s
 42312 29997 181864.363   42  120 181286.391 182558.733  0.70%   123  872s
 42315 29999 181974.450   40   55 181286.391 182558.733  0.70%   123  876s
 42321 30003 182085.200   31  112 181286.391 182558.733  0.70%   123  880s
 42328 30008 181730.881   45  145 181286.391 182443.451  0.64%   123  885s
 42340 30016 181574.605   51  155 181286.391 182403.237  0.62%   123  894s
 42342 30017 182389.242   22  152 181286.391 182389.242  0.61%   123  895s
 42345 30019 181331.983   58  159 181286.391 182380.240  0.60%   123  903s
 42349 30022 181913.815   38  161 181286.391 182370.580  0.60%   123  907s
 42350 30022 182123.609   34  163 181286.391 182368.288  0.60%   123  912s
 42354 30025 181570.499   53  166 181286.391 182361.615  0.59%   123  917s
 42355 30026 181974.450   40  166 181286.391 182361.332  0.59%   123  921s
 42357 30027 182170.151   37  164 181286.391 182358.843  0.59%   123  925s
 42358 30028 181621.309   45  164 181286.391 182358.367  0.59%   123  930s
 42361 30030 182085.200   31  166 181286.391 182351.441  0.59%   123  939s
 42362 30030 182350.383   22  166 181286.391 182350.383  0.59%   123  942s
 42363 30031 182236.301   27  166 181286.391 182347.622  0.59%   123  947s
 42365 30032 181331.983   58  166 181286.391 182344.869  0.58%   123  951s
 42366 30033 181742.105   43  167 181286.391 182344.711  0.58%   123  956s
 42370 30036 182123.609   34  168 181286.391 182340.338  0.58%   123  960s
 42371 30036 182339.923   24  168 181286.391 182339.923  0.58%   123  965s
 42373 30038 182338.987   24  167 181286.391 182338.987  0.58%   123  974s
 42374 30038 181570.499   53  166 181286.391 182338.228  0.58%   123  977s
 42375 30039 181974.450   40  167 181286.391 182338.087  0.58%   123  983s
 42376 30040 181716.669   47  167 181286.391 182337.898  0.58%   123  986s
 42377 30040 182170.151   37  167 181286.391 182337.715  0.58%   123  992s
 42379 30042 182073.506   32  167 181286.391 182332.156  0.58%   123  996s
 42380 30042 181574.605   51  169 181286.391 182331.516  0.58%   123 1000s
 42382 30044 182331.215   22  169 181286.391 182331.215  0.58%   123 1008s
 42383 30044 182236.301   27  169 181286.391 182330.549  0.58%   123 1011s
 42384 30045 181877.336   45  170 181286.391 182330.447  0.58%   123 1016s
 42386 30046 181742.105   43  170 181286.391 182330.140  0.58%   123 1024s
 42387 30047 182329.854   28  170 181286.391 182329.854  0.58%   123 1027s
 42388 30048 181730.881   45  170 181286.391 182329.659  0.58%   123 1032s
 42389 30048 181913.815   38  169 181286.391 182329.320  0.58%   123 1035s
 42390 30049 182123.609   34  169 181286.391 182329.185  0.58%   123 1041s
 42392 30050 181864.363   42  170 181286.391 182328.207  0.57%   123 1049s
 42393 30051 182326.902   24  170 181286.391 182326.902  0.57%   123 1050s
 42395 30052 181974.450   40  169 181286.391 182325.363  0.57%   123 1058s
 42396 30053 181716.669   47  168 181286.391 182325.282  0.57%   123 1061s
 42397 30054 182170.151   37  170 181286.391 182325.055  0.57%   123 1066s
 42399 30055 182073.506   32  171 181286.391 182324.405  0.57%   123 1074s
 42400 30056 181574.605   51  171 181286.391 182324.292  0.57%   123 1077s
 42401 30056 182085.200   31  171 181286.391 182324.198  0.57%   123 1083s
 42402 30057 182323.947   22  171 181286.391 182323.947  0.57%   123 1086s
 42403 30058 182236.301   27  171 181286.391 182323.882  0.57%   123 1091s
 42405 30059 181331.983   58  170 181286.391 182323.102  0.57%   123 1099s
 42406 30060 181742.105   43  170 181286.391 182322.847  0.57%   123 1102s
 42407 30060 182322.802   28  170 181286.391 182322.802  0.57%   123 1108s
 42408 30061 181730.881   45  172 181286.391 182322.719  0.57%   123 1111s
 42409 30062 181913.815   38  172 181286.391 182322.632  0.57%   123 1116s
 42411 30063 182322.567   24  173 181286.391 182322.567  0.57%   123 1124s
 42412 30064 181864.363   42  172 181286.391 182322.411  0.57%   123 1127s
 42413 30064 182322.340   24  173 181286.391 182322.340  0.57%   123 1132s
 42414 30065 181570.499   53  172 181286.391 182322.319  0.57%   123 1135s
 42415 30066 181974.450   40  173 181286.391 182322.254  0.57%   123 1140s
 42417 30067 182170.151   37  172 181286.391 182321.900  0.57%   123 1148s
 42418 30068 181621.309   45  172 181286.391 182321.863  0.57%   123 1151s
 42419 30068 182073.506   32  172 181286.391 182321.798  0.57%   123 1157s
 42420 30069 181574.605   51  170 181286.391 182321.414  0.57%   123 1160s
 42421 30070 182085.200   31  172 181286.391 182321.373  0.57%   123 1165s
 42423 30071 182236.301   27  172 181286.391 182321.239  0.57%   123 1174s
 42424 30072 181877.336   45  172 181286.391 182321.114  0.57%   123 1177s
 42425 30072 181331.983   58  172 181286.391 182321.103  0.57%   123 1182s
 42426 30073 181742.105   43  172 181286.391 182321.058  0.57%   123 1185s
 42427 30074 182321.042   28  172 181286.391 182321.042  0.57%   123 1191s
 42429 30075 181913.815   38  173 181286.391 182321.001  0.57%   123 1199s
 42430 30076 182123.609   34  172 181286.391 182320.941  0.57%   123 1202s
 42431 30076 182320.915   24  172 181286.391 182320.915  0.57%   123 1207s
 42432 30077 181864.363   42  173 181286.391 182320.853  0.57%   123 1210s
 42433 30078 182320.845   24  172 181286.391 182320.845  0.57%   123 1216s
 42435 30079 181974.450   40  171 181286.391 182320.735  0.57%   123 1225s
 42437 30080 182170.151   37  171 181286.391 182320.437  0.57%   123 1233s
 42438 30081 181621.309   45  172 181286.391 182320.376  0.57%   123 1237s
 42439 30082 182073.506   32  172 181286.391 182320.356  0.57%   123 1242s
 42440 30082 181574.605   51  171 181286.391 182320.229  0.57%   123 1246s
 42441 30083 182085.200   31  169 181286.391 182319.854  0.57%   123 1251s
 42443 30084 182236.301   27  169 181286.391 182317.194  0.57%   123 1259s
 42444 30085 181877.336   45  169 181286.391 182316.933  0.57%   123 1262s
 42445 30086 181331.983   58  169 181286.391 182316.877  0.57%   123 1268s
 42446 30086 181742.105   43  170 181286.391 182315.922  0.57%   123 1271s
 42447 30087 182315.540   28  170 181286.391 182315.540  0.57%   123 1276s
 42448 30088 181730.881   45  170 181286.391 182315.117  0.57%   123 1280s
 42449 30088 181913.815   38  170 181286.391 182314.741  0.57%   123 1285s
 42451 30090 182313.816   24  168 181286.391 182313.816  0.57%   123 1295s
 42453 30091 182312.679   24  168 181286.391 182312.679  0.57%   123 1304s
 42454 30092 181570.499   53  169 181286.391 182310.075  0.56%   123 1305s
 42456 30093 181716.669   47  169 181286.391 182309.005  0.56%   123 1315s
 42458 30094 181621.309   45  168 181286.391 182307.666  0.56%   123 1324s
 42459 30095 182073.506   32  167 181286.391 182307.196  0.56%   123 1328s
 42460 30096 181574.605   51  167 181286.391 182304.985  0.56%   123 1333s
 42461 30096 182085.200   31  166 181286.391 182304.264  0.56%   123 1337s
 42462 30097 182304.254   22  166 181286.391 182304.254  0.56%   123 1342s
 42463 30098 182236.301   27  168 181286.391 182303.862  0.56%   123 1346s
 42464 30098 181877.336   45  168 181286.391 182303.364  0.56%   123 1351s
 42466 30100 181742.105   43  169 181286.391 182302.502  0.56%   123 1360s
 42468 30101 181730.881   45  169 181286.391 182302.291  0.56%   123 1368s
 42469 30102 181913.815   38  170 181286.391 182302.230  0.56%   123 1371s
 42470 30102 182123.609   34  170 181286.391 182302.126  0.56%   123 1377s
 42471 30103 182301.684   24  170 181286.391 182301.684  0.56%   123 1380s
 42472 30104 181864.363   42  170 181286.391 182301.281  0.56%   123 1385s
 42474 30105 181570.499   53  169 181286.391 182300.926  0.56%   123 1394s
 42475 30106 181974.450   40  170 181286.391 182300.601  0.56%   123 1397s
 42476 30106 181716.669   47  170 181286.391 182300.540  0.56%   123 1402s
 42477 30107 182170.151   37  170 181286.391 182299.578  0.56%   123 1405s
 42478 30108 181621.309   45  171 181286.391 182299.498  0.56%   123 1411s
 42480 30109 181574.605   51  170 181286.391 182299.331  0.56%   123 1420s
 42482 30110 182298.923   22  171 181286.391 182298.923  0.56%   123 1428s
 42483 30111 182236.301   27  171 181286.391 182298.841  0.56%   123 1432s
 42484 30112 181877.336   45  171 181286.391 182298.838  0.56%   123 1437s
 42485 30112 181331.983   58  170 181286.391 182298.326  0.56%   123 1440s
 42486 30113 181742.105   43  170 181286.391 182298.306  0.56%   123 1445s
 42488 30114 181730.881   45  170 181286.391 182297.764  0.56%   123 1453s
 42489 30115 181913.815   38  170 181286.391 182297.474  0.56%   123 1456s
 42490 30116 182123.609   34  171 181286.391 182297.446  0.56%   123 1461s
 42492 30117 181864.363   42  171 181286.391 182297.185  0.56%   123 1470s
 42494 30118 181570.499   53  172 181286.391 182297.152  0.56%   123 1478s
 42495 30119 181974.450   40  172 181286.391 182297.123  0.56%   123 1482s
 42496 30120 181716.669   47  172 181286.391 182297.094  0.56%   123 1487s
 42497 30120 182170.151   37  172 181286.391 182297.078  0.56%   123 1491s
 42498 30121 181621.309   45  171 181286.391 182296.870  0.56%   123 1496s
 42500 30122 181574.605   51  172 181286.391 182296.734  0.56%   123 1505s
 42502 30124 182296.698   22  172 181286.391 182296.698  0.56%   123 1514s
 42503 30124 182236.301   27  171 181286.391 182296.609  0.56%   123 1517s
 42504 30125 181877.336   45  171 181286.391 182296.605  0.56%   123 1522s
 42505 30126 181331.983   58  170 181286.391 182296.584  0.56%   123 1526s
 42506 30126 181742.105   43  170 181286.391 182296.564  0.56%   123 1531s
 42507 30127 182296.533   28  170 181286.391 182296.533  0.56%   123 1535s
 42508 30128 181730.881   45  171 181286.391 182296.489  0.56%   123 1540s
 42510 30129 182123.609   34  171 181286.391 182296.300  0.56%   123 1549s
 42511 30130 182296.298   24  171 181286.391 182296.298  0.56%   123 1552s
 42512 30130 181864.363   42  170 181286.391 182296.270  0.56%   123 1558s
 42513 30131 182296.201   24  171 181286.391 182296.201  0.56%   123 1561s
 42514 30132 181570.499   53  172 181286.391 182296.190  0.56%   123 1566s
 42515 30132 181974.450   40  171 181286.391 182296.132  0.56%   123 1570s
 42516 30133 181716.669   47  171 181286.391 182296.131  0.56%   123 1575s
 42518 30134 181621.309   45  173 181286.391 182296.106  0.56%   123 1583s
 42519 30135 182073.506   32  173 181286.391 182296.068  0.56%   123 1586s
 42520 30136 181574.605   51  172 181286.391 182296.065  0.56%   123 1592s
 42521 30136 182085.200   31  173 181286.391 182296.060  0.56%   123 1595s
 42522 30137 182296.044   22  173 181286.391 182296.044  0.56%   123 1601s
 42524 30138 181877.336   45  173 181286.391 182295.442  0.56%   123 1609s
 42525 30139 181331.983   58  172 181286.391 182295.442  0.56%   123 1612s
 42526 30140 181742.105   43  172 181286.391 182295.432  0.56%   123 1618s
 42527 30140 182295.232   28  172 181286.391 182295.232  0.56%   123 1622s
 42528 30141 181730.881   45  172 181286.391 182294.877  0.56%   123 1628s
 42529 30142 181913.815   38  172 181286.391 182294.868  0.56%   123 1631s
 42530 30142 182123.609   34  172 181286.391 182293.790  0.56%   123 1637s
 42531 30143 182293.770   24  172 181286.391 182293.770  0.56%   123 1640s
 42532 30144 181864.363   42  172 181286.391 182293.750  0.56%   123 1646s
 42533 30144 182293.750   24  172 181286.391 182293.750  0.56%   122 1650s
 42534 30145 181570.499   53  173 181286.391 182293.551  0.56%   122 1656s
 42536 30146 181716.669   47  172 181286.391 182293.539  0.56%   122 1664s
 42537 30147 182170.151   37  173 181286.391 182293.518  0.56%   122 1667s
 42538 30148 181621.309   45  173 181286.391 182293.506  0.56%   122 1673s
 42540 30149 181574.605   51  172 181286.391 182289.943  0.55%   122 1677s
 42541 30150 182085.200   31  171 181286.391 182289.926  0.55%   122 1683s
 42542 30150 182289.875   22  172 181286.391 182289.875  0.55%   122 1687s
 42543 30151 182236.301   27  174 181286.391 182289.866  0.55%   122 1692s
 42544 30152 181877.336   45  174 181286.391 182289.829  0.55%   122 1695s
 42545 30152 181331.983   58  175 181286.391 182288.825  0.55%   122 1701s
 42547 30154 182288.797   28  175 181286.391 182288.797  0.55%   122 1710s
 42549 30155 181913.815   38  175 181286.391 182288.734  0.55%   122 1719s
 42550 30156 182123.609   34  173 181286.391 182288.651  0.55%   122 1723s
 42551 30156 182288.623   24  173 181286.391 182288.623  0.55%   122 1729s
 42552 30157 181864.363   42  173 181286.391 182287.921  0.55%   122 1733s
 42553 30158 182287.870   24  174 181286.391 182287.870  0.55%   122 1739s
 42554 30158 181570.499   53  174 181286.391 182287.865  0.55%   122 1743s
 42555 30159 181974.450   40  173 181286.391 182287.619  0.55%   122 1748s
 42556 30160 181716.669   47  173 181286.391 182287.619  0.55%   122 1753s
 42557 30162 182155.775   19  164 181286.391 182287.560  0.55%   125 1774s
 42559 30164 182129.113   20  164 181286.391 182270.298  0.54%   125 1791s
 42562 30166 181889.447   21  163 181286.391 182250.220  0.53%   125 1806s
 42567 30168 181835.098   22  162 181286.391 182235.666  0.52%   125 1819s
 42575 30172 181757.424   23  159 181286.391 182219.404  0.51%   125 1822s
 42603 30191 181641.209   25  157 181286.391 182199.751  0.50%   125 1825s
 42702 30239 181627.934   28  154 181286.391 182198.321  0.50%   126 1830s
 42840 30316 181408.535   33  149 181286.391 182198.321  0.50%   126 1835s
 42938 30359 181389.334   35  141 181286.391 182198.321  0.50%   126 1840s
 43084 30395     cutoff   37      181286.391 182198.321  0.50%   127 1848s
 43164 30445 182156.093   26  157 181286.391 182188.123  0.50%   127 1852s
 43261 30483 182073.539   32  141 181286.391 182187.105  0.50%   127 1858s
 43303 30493 182034.497   34  136 181286.391 182187.105  0.50%   127 1860s
 43517 30589 181701.116   53  101 181286.391 182187.105  0.50%   128 1865s
 43642 30652 181591.972   60   96 181286.391 182187.105  0.50%   128 1870s
 43798 30724 181446.787   67   76 181286.391 182187.105  0.50%   129 1875s
 43868 30749 181298.851   74   56 181286.391 182182.399  0.49%   129 1880s
 44005 30826 182045.491   32  136 181286.391 182182.399  0.49%   130 1885s
 44256 30922 181825.311   48  100 181286.391 182182.399  0.49%   131 1892s
 44458 31012 181326.975   68   62 181286.391 182179.334  0.49%   131 1898s
 44565 31049 182025.717   29  145 181286.391 182179.334  0.49%   132 1901s
 44709 31100 181948.927   32  137 181286.391 182179.334  0.49%   132 1905s
 44988 31227 181668.516   40  103 181286.391 182174.923  0.49%   133 1913s
 45137 31297 181561.587   50   87 181286.391 182174.923  0.49%   133 1916s
 45304 31323 181315.575   58   67 181286.391 182156.772  0.48%   133 1920s
 45623 31501 182041.269   30  140 181286.391 182156.772  0.48%   134 1927s
 45786 31580 181867.070   35  116 181286.391 182156.772  0.48%   135 1932s
 45979 31654     cutoff   35      181286.391 182156.772  0.48%   135 1936s
 46128 31728     cutoff   37      181286.391 182156.772  0.48%   136 1940s
 46341 31838 181602.170   44  103 181286.391 182156.772  0.48%   136 1945s
 46543 31894 181443.995   48   98 181286.391 182156.772  0.48%   136 1950s
 46926 32047 181993.507   29  142 181286.391 182109.778  0.45%   137 1959s
 47128 32139 181842.138   39  120 181286.391 182109.778  0.45%   138 1965s
 47570 32336 182002.730   36  128 181286.391 182105.588  0.45%   139 1975s
 47804 32446 181869.769   45  109 181286.391 182105.588  0.45%   140 2045s
H47808 30771                    181358.54089 182105.588  0.41%   140 2045s
 47823 30767 181836.425   46  107 181358.541 182105.588  0.41%   140 2050s
 48037 30851 181462.641   63   72 181358.541 182101.930  0.41%   140 2055s
 48247 30945 181863.342   39  123 181358.541 182101.930  0.41%   141 2060s
 48559 31067 181612.700   52   96 181358.541 182089.186  0.40%   142 2066s
 48817 31179 181972.119   26  148 181358.541 182089.186  0.40%   142 2071s
 49063 31270 181696.069   40  114 181358.541 182085.242  0.40%   143 2077s
 49345 31359 181938.381   39  123 181358.541 182085.242  0.40%   144 2083s
 49639 31481 181710.330   50   86 181358.541 182080.449  0.40%   145 2091s
 49979 31606 181866.019   35  127 181358.541 182076.570  0.40%   146 2100s
 50343 31760 181508.487   51   94 181358.541 182075.952  0.40%   147 2108s
 50661 31857 181760.353   44  112 181358.541 182075.952  0.40%   148 2115s
 51017 31990     cutoff   64      181358.541 182075.952  0.40%   149 2124s
 51342 32122 181708.855   49   91 181358.541 182061.960  0.39%   150 2133s
 51793 32250 181702.603   40  110 181358.541 182061.960  0.39%   151 2143s
 52199 32430 infeasible   55      181358.541 182058.143  0.39%   152 2152s
 52654 32562 181706.728   48   95 181358.541 182055.853  0.38%   153 2163s
 53096 32764 181820.673   42  107 181358.541 182055.853  0.38%   155 2174s
 53588 32945 181410.994   59   59 181358.541 182050.923  0.38%   156 2185s
 54138 33136 181650.774   45   85 181358.541 182048.236  0.38%   157 2197s
 54786 33325 181705.005   48  100 181358.541 182046.387  0.38%   159 2212s
 55420 33524 181728.878   40  107 181358.541 182043.188  0.38%   160 2227s
 56102 33747 182014.091   35  133 181358.541 182042.466  0.38%   161 2243s
 56737 33994     cutoff   66      181358.541 182038.114  0.37%   163 2259s
 57378 34198 181866.508   39  115 181358.541 182036.732  0.37%   164 2277s
 58054 34434 181871.857   40  113 181358.541 182034.944  0.37%   166 2298s
 58888 34708 181690.394   46   92 181358.541 182032.305  0.37%   167 2316s
 59744 34964     cutoff   62      181358.541 182029.288  0.37%   169 2336s
 60595 35302 181937.245   33  131 181358.541 182026.057  0.37%   170 2357s
 61481 35566 181634.021   51   89 181358.541 182023.633  0.37%   172 2388s
 61809 35668 181880.238   39  117 181358.541 182023.162  0.37%   172 2416s
 62840 36016 181834.014   45  101 181358.541 182020.249  0.36%   174 2440s
 63858 36337     cutoff   37      181358.541 182017.378  0.36%   176 2467s
 64937 36700 181805.574   44  105 181358.541 182017.378  0.36%   178 2492s
 66061 37081     cutoff   58      181358.541 182012.384  0.36%   180 2520s
 67306 37428 181935.594   39  124 181358.541 182007.386  0.36%   181 2548s
 68491 37760 181562.965   53   95 181358.541 182005.482  0.36%   183 2576s
 69815 38249 181395.069   59   70 181358.541 182003.143  0.36%   185 2606s
 71250 38706     cutoff   64      181358.541 182001.187  0.35%   188 2637s
 72687 39214 181650.551   48   92 181358.541 181998.736  0.35%   190 2668s
 73992 39603 181618.208   43  104 181358.541 181996.256  0.35%   192 2702s
 75621 40059 181618.794   51   91 181358.541 181992.825  0.35%   194 2738s
 77238 40516 181839.719   37  119 181358.541 181989.882  0.35%   196 2773s
 78838 40985     cutoff   55      181358.541 181986.473  0.35%   199 2815s
 80759 41632 181610.407   57   84 181358.541 181983.860  0.34%   200 2852s
 82488 42172 181711.955   52  100 181358.541 181981.621  0.34%   202 2893s
 84399 42797 181726.181   45  109 181358.541 181978.756  0.34%   204 2940s
 86464 43402 181638.891   52   93 181358.541 181975.288  0.34%   205 2988s
 88306 43926 181764.339   41  111 181358.541 181972.690  0.34%   207 3036s
 90239 44533 181646.354   41  104 181358.541 181970.644  0.34%   208 3081s
 92198 45155 181712.861   45  107 181358.541 181967.351  0.34%   210 3125s
 93996 45627 181824.978   46  111 181358.541 181965.328  0.33%   211 3168s
 95983 46196 181804.178   40  117 181358.541 181962.747  0.33%   212 3214s
 97773 46744 181901.214   44  119 181358.541 181960.765  0.33%   214 3262s
 99739 47393 181848.271   39  109 181358.541 181958.854  0.33%   215 3310s
 101553 47915 181781.102   44  102 181358.541 181957.021  0.33%   216 3360s
 103323 48517 181643.811   44   91 181358.541 181956.056  0.33%   217 3407s
 105191 49074 181686.264   44   97 181358.541 181954.762  0.33%   219 3459s
 107036 49603 181400.308   61   61 181358.541 181952.322  0.33%   220 3508s
 108975 50186 181853.276   40  112 181358.541 181951.129  0.33%   221 3555s
 110640 50622 181496.793   52   84 181358.541 181949.158  0.33%   222 3612s
 112685 51139 181473.586   60   75 181358.541 181947.378  0.32%   223 3661s
 114639 51685 181866.632   41  117 181358.541 181945.699  0.32%   224 3712s
 116636 52234 181579.983   47   93 181358.541 181943.767  0.32%   225 3764s
 118589 52698 181788.485   40  122 181358.541 181942.280  0.32%   226 3816s
 120472 53241 181552.443   54   85 181358.541 181940.733  0.32%   227 3864s
 122238 53706 181359.126   58   55 181358.541 181939.295  0.32%   228 3912s
 124169 54276 181853.341   45  112 181358.541 181938.224  0.32%   229 3961s
 126155 54725 181374.198   61   72 181358.541 181936.476  0.32%   229 4010s
 128009 55247 181493.581   41   93 181358.541 181935.311  0.32%   230 4063s
 130020 56334 181536.052   59   83 181358.541 181934.021  0.32%   231 4107s
 131844 57422 181374.440   57   81 181358.541 181933.041  0.32%   232 4153s
 133663 58525 181468.028   58   66 181358.541 181932.278  0.32%   233 4205s
 135507 59564 181623.331   55   83 181358.541 181931.305  0.32%   233 4256s
 137385 60736 181726.900   51   97 181358.541 181930.062  0.32%   234 4301s
 139316 61875 181877.453   37  123 181358.541 181928.925  0.31%   235 4344s
 141127 62940 181385.017   61   70 181358.541 181928.061  0.31%   236 4397s
 143225 64155 181630.358   40  120 181358.541 181926.880  0.31%   236 4447s
 145169 65337 181849.455   38  116 181358.541 181925.626  0.31%   237 4500s
 147117 66488 181626.066   53   90 181358.541 181924.501  0.31%   238 4548s
 148985 67625 181869.531   39  120 181358.541 181923.556  0.31%   238 4601s
 151004 68761 181884.068   44  109 181358.541 181922.727  0.31%   239 4657s
 152939 69972 181361.824   58   72 181358.541 181921.935  0.31%   239 4708s
 154756 71057 181835.955   42  111 181358.541 181921.510  0.31%   240 4792s
 154843 71045 181827.334   43  110 181358.541 181921.290  0.31%   240 4845s
 156979 72328 181824.708   36  119 181358.541 181919.768  0.31%   241 4902s
 159030 73580 181701.174   42  101 181358.541 181918.979  0.31%   241 4951s
 160933 74749 181611.278   41  101 181358.541 181918.030  0.31%   242 4999s
 162358 75670 181589.855   57   86 181358.541 181917.424  0.31%   242 5000s
 162848 75944 181837.968   37  124 181358.541 181917.039  0.31%   242 5051s
 164773 77074 181567.711   54   88 181358.541 181916.271  0.31%   243 5104s
 166726 78196 181752.863   36  123 181358.541 181915.321  0.31%   243 5161s
 168907 79352 181364.250   55   74 181358.541 181914.440  0.31%   243 5215s
 170915 80575 181784.441   46  104 181358.541 181913.660  0.31%   244 5272s
 172745 81610 181482.905   53   78 181358.541 181913.131  0.31%   244 5322s
 174650 82786 181384.652   60   65 181358.541 181912.274  0.31%   244 5372s
 176503 83936 181656.286   50   97 181358.541 181911.514  0.30%   245 5425s
 178455 85137 181688.935   50   96 181358.541 181910.735  0.30%   245 5473s
 180288 86273 181584.663   49   95 181358.541 181910.090  0.30%   246 5532s
 182336 87390 181843.888   42  114 181358.541 181909.097  0.30%   246 5591s
 184285 88591 181571.351   50   96 181358.541 181908.468  0.30%   246 5647s
 186302 89769 181366.935   51   72 181358.541 181907.717  0.30%   247 5701s
 188044 90801 181394.639   57   62 181358.541 181907.121  0.30%   247 5755s
 190061 92017 181843.280   36  121 181358.541 181906.086  0.30%   247 5807s
 191865 93061 181774.509   46   99 181358.541 181905.530  0.30%   248 5863s
 193798 94169 181818.083   39  112 181358.541 181904.865  0.30%   248 5920s
 195799 95355 181511.856   58   74 181358.541 181904.067  0.30%   248 5974s
 197681 96438 181433.056   52   87 181358.541 181903.418  0.30%   249 6038s
 199772 97673 181764.795   36  121 181358.541 181902.924  0.30%   249 6089s
 201674 98776 181380.742   62   69 181358.541 181902.251  0.30%   249 6152s
 203589 99867 181400.189   63   72 181358.541 181901.610  0.30%   249 6207s
 205309 100850     cutoff   57      181358.541 181900.998  0.30%   250 6253s
 207134 101905 181395.259   55   61 181358.541 181900.314  0.30%   250 6298s
 209053 103010 181711.708   39  101 181358.541 181899.773  0.30%   250 6342s
 210747 104024 181424.986   48   85 181358.541 181899.060  0.30%   251 6390s
 212831 105197 181758.090   47  100 181358.541 181898.439  0.30%   251 6438s
 214819 106436 181801.402   41  113 181358.541 181897.725  0.30%   251 6485s
 216807 107639 181625.947   49   85 181358.541 181897.205  0.30%   251 6532s
 218788 108716 181565.609   46   99 181358.541 181896.592  0.30%   252 6584s
 220882 109951 181534.260   58   78 181358.541 181895.802  0.30%   252 6628s
 222861 111046     cutoff   49      181358.541 181895.362  0.30%   252 6672s
 224726 112159 181721.833   43   93 181358.541 181894.823  0.30%   252 6721s
 226661 113278 181816.794   38  111 181358.541 181894.178  0.30%   252 6770s
 228620 114335 181786.762   42  106 181358.541 181893.712  0.30%   253 6824s
 230513 115515 181370.682   66   54 181358.541 181892.925  0.29%   253 6871s
 232424 116646 181648.315   46  117 181358.541 181892.203  0.29%   253 6920s
 234424 117732 181568.669   51   89 181358.541 181891.526  0.29%   253 6969s
 236201 118721 181835.214   40  114 181358.541 181891.019  0.29%   253 7023s
 238022 119785 181744.492   40  119 181358.541 181890.279  0.29%   254 7078s
 239934 120900 181756.927   43  101 181358.541 181889.777  0.29%   254 7130s
 241874 121976 181654.977   45  103 181358.541 181889.173  0.29%   254 7182s
 243835 123145 181692.971   45  100 181358.541 181888.750  0.29%   254 7236s
 245842 124362 181391.648   48   87 181358.541 181888.093  0.29%   254 7287s
 247590 125367 181706.975   43  107 181358.541 181887.542  0.29%   255 7342s

Gurobi 7.5.2 (linux64, Python) logging started Thu Dec 13 22:49:36 2018

Changed value of parameter MIPGap to 5.0
   Prev: 0.0001  Min: 0.0  Max: 1e+100  Default: 0.0001
Optimize a model with 410161 rows, 207744 columns and 959984 nonzeros
Variable types: 205184 continuous, 2560 integer (2560 binary)
Coefficient statistics:
  Matrix range     [4e-06, 2e+07]
  Objective range  [1e+00, 1e+00]
  Bounds range     [1e+00, 1e+00]
  RHS range        [1e+00, 5e+06]
Warning: Model contains large matrix coefficient range
         Consider reformulating model or setting NumericFocus parameter
         to avoid numerical issues.
Found heuristic solution: objective -0.0000000
Presolve removed 243220 rows and 99745 columns (presolve time = 5s) ...
Presolve removed 342641 rows and 139064 columns
Presolve time: 7.10s
Presolved: 67520 rows, 68680 columns, 262544 nonzeros
Variable types: 67400 continuous, 1280 integer (1280 binary)

Deterministic concurrent LP optimizer: primal and dual simplex
Showing first log only...

Presolve removed 64 rows and 0 columns
Presolved: 67456 rows, 68744 columns, 261264 nonzeros

Presolve removed 16 rows and 176 columns

Root simplex log...

Iteration    Objective       Primal Inf.    Dual Inf.      Time
       0   -2.0654385e-14   0.000000e+00   2.523362e+06      9s
Concurrent spin time: 0.00s

Solved with dual simplex

Root relaxation: objective 1.868166e+05, 2290 iterations, 1.18 seconds

    Nodes    |    Current Node    |     Objective Bounds      |     Work
 Expl Unexpl |  Obj  Depth IntInf | Incumbent    BestBd   Gap | It/Node Time

     0     0 186816.617    0   49   -0.00000 186816.617      -     -    9s
H    0     0                    150361.25023 186816.617  24.2%     -   10s

Explored 1 nodes (2290 simplex iterations) in 10.83 seconds
Thread count was 16 (of 16 available processors)

Solution count 2: 150361 -0 

Optimal solution found (tolerance 5.00e+00)
Best objective 1.503612502338e+05, best bound 1.868166168625e+05, gap 24.2452%

Gurobi 7.5.2 (linux64, Python) logging started Thu Dec 13 22:51:19 2018


Gurobi 7.5.2 (linux64, Python) logging started Thu Dec 13 23:15:49 2018

Changed value of parameter MIPGap to 5.0
   Prev: 0.0001  Min: 0.0  Max: 1e+100  Default: 0.0001
Optimize a model with 40008871 rows, 20046000 columns and 82380500 nonzeros
Variable types: 20006000 continuous, 40000 integer (40000 binary)
Coefficient statistics:
  Matrix range     [3e-06, 2e+07]
  Objective range  [1e+00, 1e+00]
  Bounds range     [1e+00, 1e+00]
  RHS range        [1e+00, 5e+06]
Warning: Model contains large matrix coefficient range
         Consider reformulating model or setting NumericFocus parameter
         to avoid numerical issues.
Presolve removed 0 rows and 0 columns (presolve time = 16s) ...
Presolve removed 251 rows and 250 columns (presolve time = 22s) ...
Presolve removed 301 rows and 350 columns (presolve time = 32s) ...
Presolve removed 551 rows and 600 columns (presolve time = 85s) ...
Presolve removed 551 rows and 1600 columns (presolve time = 90s) ...
Presolve removed 1366 rows and 2700 columns (presolve time = 109s) ...
Presolve removed 1366 rows and 2700 columns (presolve time = 111s) ...
Presolve removed 1366 rows and 2700 columns (presolve time = 118s) ...
Presolve removed 1366 rows and 2700 columns (presolve time = 120s) ...
Presolve removed 1366 rows and 2700 columns (presolve time = 125s) ...
Presolve removed 1366 rows and 2700 columns (presolve time = 130s) ...
Presolve removed 1366 rows and 2700 columns (presolve time = 135s) ...
Presolve removed 1366 rows and 2700 columns (presolve time = 140s) ...
Presolve removed 1366 rows and 2700 columns (presolve time = 145s) ...
Presolve removed 1366 rows and 2700 columns (presolve time = 150s) ...
Presolve removed 1287501 rows and 3500 columns (presolve time = 162s) ...
Presolve removed 1952551 rows and 3550 columns (presolve time = 166s) ...
Presolve removed 3768651 rows and 1819650 columns (presolve time = 217s) ...
Presolve removed 3768651 rows and 1820600 columns (presolve time = 220s) ...
Presolve removed 3778051 rows and 1830000 columns (presolve time = 227s) ...
Presolve removed 3789516 rows and 1857035 columns (presolve time = 237s) ...
Presolve removed 20309516 rows and 1857035 columns (presolve time = 242s) ...
Presolve removed 20309516 rows and 1857035 columns (presolve time = 247s) ...
Presolve removed 35876316 rows and 17423835 columns (presolve time = 272s) ...
Presolve removed 35882396 rows and 17430000 columns (presolve time = 277s) ...
Presolve removed 36507347 rows and 17443478 columns (presolve time = 281s) ...
Presolve removed 37080927 rows and 18017058 columns (presolve time = 289s) ...
Presolve removed 37082649 rows and 18019186 columns (presolve time = 292s) ...
Presolve removed 37869209 rows and 18399746 columns (presolve time = 298s) ...
Presolve removed 37870304 rows and 18401098 columns (presolve time = 300s) ...
Presolve removed 38539895 rows and 18642860 columns (presolve time = 305s) ...
Presolve removed 38863601 rows and 18882650 columns (presolve time = 311s) ...
Presolve removed 38863601 rows and 18882650 columns (presolve time = 332s) ...
Presolve removed 38863601 rows and 18882650 columns (presolve time = 356s) ...
Presolve removed 38863601 rows and 18882650 columns (presolve time = 362s) ...
Presolve removed 38863601 rows and 18882650 columns
Presolve time: 361.83s
Presolved: 1145270 rows, 1163350 columns, 4553600 nonzeros
Variable types: 1143350 continuous, 20000 integer (20000 binary)

Deterministic concurrent LP optimizer: primal simplex, dual simplex, and barrier
Showing barrier log only...

Presolve removed 1000 rows and 0 columns
Presolved: 1144270 rows, 1164350 columns, 4533600 nonzeros

Root barrier log...

Ordering time: 0.37s

Barrier statistics:
 AA' NZ     : 3.701e+07
 Factor NZ  : 3.852e+07 (roughly 1.2 GBytes of memory)
 Factor Ops : 1.689e+09 (roughly 1 second per iteration)
 Threads    : 13

                  Objective                Residual
Iter       Primal          Dual         Primal    Dual     Compl     Time
   0   1.21328712e+14  3.75436201e+14  1.07e+09 8.78e+02  1.18e+12   428s
   1   6.98373390e+13  3.82938989e+14  5.97e+08 3.40e+04  5.73e+11   429s
   2   5.39959469e+12  1.71336072e+14  4.64e+07 3.92e-07  4.51e+10   431s
   3   2.03898463e+10  7.17668814e+13  1.82e+05 1.67e-07  2.01e+08   433s
   4   1.13565899e+10  4.12713465e+13  1.01e+05 6.63e-07  1.06e+08   435s
   5   3.49143184e+09  2.43417738e+13  3.26e+04 2.51e-07  3.67e+07   436s
   6   1.27139426e+09  1.15315663e+13  1.16e+04 1.43e-07  1.35e+07   437s
   7   3.59946672e+08  8.88578402e+12  2.45e+03 1.23e-07  5.23e+06   438s
   8   1.27569630e+08  6.05546658e+12  5.19e+01 9.41e-08  2.50e+06   439s
   9   8.06193469e+07  3.88011146e+12  1.71e+02 9.31e-08  1.50e+06   441s
  10   3.31318142e+07  2.18772459e+12  8.81e+01 9.97e-08  7.06e+05   443s
  11   2.31682690e+07  1.60846900e+12  3.24e+01 8.05e-08  4.87e+05   445s
  12   2.00734896e+07  1.30384759e+12  1.30e+01 9.25e-08  3.85e+05   446s
  13   1.83536308e+07  8.54915742e+11  1.09e+00 8.97e-08  2.47e+05   447s
  14   1.81636824e+07  2.86920609e+09  4.25e-10 1.24e-07  8.22e+02   449s
  15   1.84082207e+07  6.80294915e+08  2.46e-08 2.55e-08  1.91e+02   451s
  16   1.85917363e+07  2.85261986e+08  3.84e-09 9.49e-09  7.69e+01   452s
  17   1.87050477e+07  1.23265733e+08  3.89e-09 3.57e-09  3.01e+01   454s
  18   1.87789548e+07  8.85975449e+07  1.99e-09 2.41e-09  2.01e+01   456s
  19   1.88197291e+07  6.48606138e+07  1.64e-09 1.53e-09  1.33e+01   457s
  20   1.88713508e+07  5.26938723e+07  1.27e-09 1.09e-09  9.75e+00   458s
  21   1.89240109e+07  4.48196244e+07  1.81e-09 8.15e-10  7.46e+00   460s
  22   1.89608809e+07  3.22971937e+07  1.49e-09 4.22e-10  3.84e+00   461s
  23   1.89828902e+07  3.05592786e+07  1.18e-09 3.66e-10  3.34e+00   463s
  24   1.90636415e+07  2.72815054e+07  2.58e-09 2.56e-10  2.37e+00   464s
  25   1.91487801e+07  2.26999857e+07  1.64e-09 2.33e-10  1.02e+00   466s
  26   1.92887357e+07  2.05628379e+07  2.06e-09 1.16e-10  3.67e-01   468s
  27   1.93727823e+07  2.00295465e+07  2.31e-09 1.16e-10  1.89e-01   469s
  28   1.94393820e+07  1.97674597e+07  1.62e-09 3.49e-10  9.46e-02   470s
  29   1.94660202e+07  1.96420779e+07  1.75e-09 4.66e-10  5.07e-02   472s
  30   1.94825009e+07  1.95591358e+07  2.13e-09 5.82e-10  2.21e-02   473s
  31   1.94858379e+07  1.95271026e+07  2.85e-09 4.66e-10  1.19e-02   475s
  32   1.94876993e+07  1.95102691e+07  2.88e-09 4.66e-10  6.50e-03   476s
  33   1.94890582e+07  1.95013058e+07  2.62e-09 4.66e-10  3.53e-03   478s
  34   1.94898908e+07  1.94965576e+07  1.26e-09 4.66e-10  1.92e-03   480s
  35   1.94903996e+07  1.94943705e+07  1.77e-09 3.49e-10  1.14e-03   481s
  36   1.94908207e+07  1.94934787e+07  2.35e-09 3.49e-10  7.66e-04   482s
  37   1.94921513e+07  1.94933124e+07  3.01e-08 2.33e-10  3.35e-04   484s
  38   1.94923753e+07  1.94932252e+07  2.90e-08 2.33e-10  2.45e-04   486s
  39   1.94924172e+07  1.94931829e+07  2.62e-08 1.16e-10  2.21e-04   487s
  40   1.94924573e+07  1.94931404e+07  2.41e-08 1.16e-10  1.97e-04   488s
  41   1.94924811e+07  1.94931326e+07  2.39e-08 1.16e-10  1.88e-04   490s
  42   1.94925453e+07  1.94930755e+07  2.04e-08 1.16e-10  1.53e-04   491s
  43   1.94926000e+07  1.94930644e+07  1.72e-08 1.16e-10  1.34e-04   492s
  44   1.94926597e+07  1.94930315e+07  1.79e-08 1.16e-10  1.07e-04   494s
  45   1.94926748e+07  1.94930269e+07  1.76e-08 1.16e-10  1.01e-04   495s
  46   1.94927576e+07  1.94930094e+07  1.82e-08 1.16e-10  7.26e-05   497s
  47   1.94927768e+07  1.94929974e+07  1.83e-08 2.33e-10  6.36e-05   499s
  48   1.94927844e+07  1.94929957e+07  2.01e-08 2.33e-10  6.09e-05   500s
  49   1.94927948e+07  1.94929942e+07  1.98e-08 2.33e-10  5.75e-05   502s
  50   1.94928062e+07  1.94929925e+07  1.83e-08 2.33e-10  5.37e-05   503s
  51   1.94928178e+07  1.94929903e+07  1.86e-08 2.33e-10  4.97e-05   504s
  52   1.94928267e+07  1.94929856e+07  1.68e-08 2.33e-10  4.58e-05   505s
  53   1.94928345e+07  1.94929836e+07  1.73e-08 2.33e-10  4.30e-05   506s
  54   1.94928388e+07  1.94929792e+07  1.61e-08 1.16e-10  4.05e-05   508s
  55   1.94928450e+07  1.94929782e+07  2.03e-08 2.33e-10  3.84e-05   510s
  56   1.94928576e+07  1.94929770e+07  2.81e-08 2.33e-10  3.44e-05   511s
  57   1.94928745e+07  1.94929764e+07  4.15e-08 2.33e-10  2.94e-05   512s
  58   1.94929065e+07  1.94929738e+07  7.75e-08 2.33e-10  1.94e-05   513s
  59   1.94929111e+07  1.94929733e+07  7.20e-08 2.33e-10  1.79e-05   514s
  60   1.94929141e+07  1.94929727e+07  6.76e-08 1.16e-10  1.69e-05   516s
  61   1.94929171e+07  1.94929715e+07  6.38e-08 1.16e-10  1.57e-05   518s
  62   1.94929303e+07  1.94929709e+07  5.37e-08 2.33e-10  1.17e-05   519s
  63   1.94929334e+07  1.94929708e+07  4.96e-08 2.33e-10  1.08e-05   520s
  64   1.94929385e+07  1.94929703e+07  4.27e-08 2.33e-10  9.17e-06   522s
  65   1.94929418e+07  1.94929702e+07  3.86e-08 2.33e-10  8.19e-06   524s
  66   1.94929502e+07  1.94929699e+07  2.73e-08 1.75e-10  5.69e-06   525s
  67   1.94929507e+07  1.94929699e+07  2.62e-08 2.33e-10  5.52e-06   526s
  68   1.94929513e+07  1.94929699e+07  2.54e-08 1.16e-10  5.34e-06   528s
  69   1.94929523e+07  1.94929698e+07  2.19e-08 1.16e-10  5.05e-06   529s
  70   1.94929559e+07  1.94929699e+07  2.14e-08 1.16e-10  4.03e-06   531s
  71   1.94929634e+07  1.94929697e+07  1.50e-08 2.33e-10  1.81e-06   532s
  72   1.94929648e+07  1.94929698e+07  1.91e-08 2.33e-10  1.45e-06   534s
  73   1.94929657e+07  1.94929696e+07  1.51e-08 3.49e-10  1.13e-06   535s
  74   1.94929665e+07  1.94929696e+07  2.30e-08 2.33e-10  9.15e-07   537s
  75   1.94929693e+07  1.94929696e+07  1.86e-09 2.33e-10  7.43e-08   538s
  76   1.94929696e+07  1.94929696e+07  1.78e-10 1.16e-10  1.63e-09   539s

Barrier solved model in 76 iterations and 539.31 seconds
Optimal objective 1.94929696e+07


Root crossover log...

  451677 variables added to crossover basis                      540s

  683629 DPushes remaining with DInf 0.0000000e+00               541s
       0 DPushes remaining with DInf 7.0691269e-13               543s

   28816 PPushes remaining with PInf 7.2152048e-03               543s
      48 PPushes remaining with PInf 7.0186606e-04               545s
       0 PPushes remaining with PInf 0.0000000e+00               545s

  Push phase complete: Pinf 0.0000000e+00, Dinf 4.5557004e-13    545s


Root simplex log...

Iteration    Objective       Primal Inf.    Dual Inf.      Time
   40453    1.9492970e+07   0.000000e+00   0.000000e+00    546s
   40453    1.9492970e+07   0.000000e+00   0.000000e+00    550s
Concurrent spin time: 45.28s (can be avoided by choosing Method=3)

Solved with barrier

Root relaxation: objective 1.949297e+07, 40453 iterations, 130.93 seconds
Total elapsed time = 561.41s

    Nodes    |    Current Node    |     Objective Bounds      |     Work
 Expl Unexpl |  Obj  Depth IntInf | Incumbent    BestBd   Gap | It/Node Time

     0     0 1.9493e+07    0  950          - 1.9493e+07      -     -  562s
H    0     0                    1.894399e+07 1.9493e+07  2.90%     -  702s

Explored 1 nodes (40453 simplex iterations) in 709.07 seconds
Thread count was 16 (of 16 available processors)

Solution count 1: 1.8944e+07 

Optimal solution found (tolerance 5.00e+00)
Best objective 1.894399145639e+07, best bound 1.949296958733e+07, gap 2.8979%
